<?xml version="1.0" encoding="UTF-8"?>
<!-- Generated by org.testng.reporters.JUnitXMLReporter -->
<testsuite hostname="caretaker-iteam" ignored="0" name="Default test" tests="6" failures="0" timestamp="20 Ιουν 2017 08:34:49 GMT" time="1.657" errors="0">
  <testcase name="deleteUserBySsn" time="0.049" classname="com.websystique.springmvc.service.UserServiceImplTest"/>
  <testcase name="findAllUsers" time="0.008" classname="com.websystique.springmvc.service.UserServiceImplTest"/>
  <testcase name="findById" time="0.002" classname="com.websystique.springmvc.service.UserServiceImplTest"/>
  <testcase name="findUserBySso" time="0.002" classname="com.websystique.springmvc.service.UserServiceImplTest"/>
  <testcase name="isEmployeeSsnUnique" time="0.003" classname="com.websystique.springmvc.service.UserServiceImplTest"/>
  <testcase name="updateEmployee" time="0.003" classname="com.websystique.springmvc.service.UserServiceImplTest"/>
</testsuite> <!-- Default test -->
