<?xml version="1.0" encoding="UTF-8"?>
<testng-results skipped="0" failed="0" ignored="0" total="6" passed="6">
  <reporter-output>
  </reporter-output>
  <suite name="Default suite" duration-ms="1657" started-at="2017-06-20T08:34:47Z" finished-at="2017-06-20T08:34:49Z">
    <groups>
    </groups>
    <test name="Default test" duration-ms="1657" started-at="2017-06-20T08:34:47Z" finished-at="2017-06-20T08:34:49Z">
      <class name="com.websystique.springmvc.service.UserServiceImplTest">
        <test-method status="PASS" signature="setUp()[pri:0, instance:com.websystique.springmvc.service.UserServiceImplTest@3e6fa38a]" name="setUp" is-config="true" duration-ms="1537" started-at="2017-06-20T11:34:47Z" finished-at="2017-06-20T11:34:49Z">
          <reporter-output>
          </reporter-output>
        </test-method> <!-- setUp -->
        <test-method status="PASS" signature="deleteUserBySsn()[pri:0, instance:com.websystique.springmvc.service.UserServiceImplTest@3e6fa38a]" name="deleteUserBySsn" duration-ms="49" started-at="2017-06-20T11:34:49Z" finished-at="2017-06-20T11:34:49Z">
          <reporter-output>
          </reporter-output>
        </test-method> <!-- deleteUserBySsn -->
        <test-method status="PASS" signature="findAllUsers()[pri:0, instance:com.websystique.springmvc.service.UserServiceImplTest@3e6fa38a]" name="findAllUsers" duration-ms="8" started-at="2017-06-20T11:34:49Z" finished-at="2017-06-20T11:34:49Z">
          <reporter-output>
          </reporter-output>
        </test-method> <!-- findAllUsers -->
        <test-method status="PASS" signature="findById()[pri:0, instance:com.websystique.springmvc.service.UserServiceImplTest@3e6fa38a]" name="findById" duration-ms="2" started-at="2017-06-20T11:34:49Z" finished-at="2017-06-20T11:34:49Z">
          <reporter-output>
          </reporter-output>
        </test-method> <!-- findById -->
        <test-method status="PASS" signature="findUserBySso()[pri:0, instance:com.websystique.springmvc.service.UserServiceImplTest@3e6fa38a]" name="findUserBySso" duration-ms="2" started-at="2017-06-20T11:34:49Z" finished-at="2017-06-20T11:34:49Z">
          <reporter-output>
          </reporter-output>
        </test-method> <!-- findUserBySso -->
        <test-method status="PASS" signature="isEmployeeSsnUnique()[pri:0, instance:com.websystique.springmvc.service.UserServiceImplTest@3e6fa38a]" name="isEmployeeSsnUnique" duration-ms="3" started-at="2017-06-20T11:34:49Z" finished-at="2017-06-20T11:34:49Z">
          <reporter-output>
          </reporter-output>
        </test-method> <!-- isEmployeeSsnUnique -->
        <test-method status="PASS" signature="updateEmployee()[pri:0, instance:com.websystique.springmvc.service.UserServiceImplTest@3e6fa38a]" name="updateEmployee" duration-ms="3" started-at="2017-06-20T11:34:49Z" finished-at="2017-06-20T11:34:49Z">
          <reporter-output>
          </reporter-output>
        </test-method> <!-- updateEmployee -->
      </class> <!-- com.websystique.springmvc.service.UserServiceImplTest -->
    </test> <!-- Default test -->
  </suite> <!-- Default suite -->
</testng-results>
